<?xml version="1.0" encoding="UTF-8"?>
<!-- Generated by org.testng.reporters.JUnitReportReporter -->
<testsuite hostname="TYSS-Shobha" failures="0" tests="1" name="Pratice.Sample" time="0.009" errors="0" timestamp="2023-03-25T05:34:50 IST" skipped="0">
  <testcase classname="Pratice.Sample" name="test" time="0.009"/>
  <system-out/>
</testsuite> <!-- Pratice.Sample -->
