<?xml version="1.0" encoding="UTF-8"?>
<!-- Generated by org.testng.reporters.JUnitReportReporter -->
<testsuite hostname="TYSS-Shobha" failures="0" tests="1" name="Pratice.Parameters" time="0.007" errors="0" timestamp="2023-03-25T05:51:14 IST" skipped="0">
  <testcase classname="Pratice.Parameters" name="m1" time="0.007"/>
  <system-out/>
</testsuite> <!-- Pratice.Parameters -->
